<?xml version="1.0" encoding="UTF-8"?>
<coverage generated="1772476610753" clover="3.2.0">
  <project timestamp="1772476610753" name="All files">
    <metrics statements="48" coveredstatements="25" conditionals="51" coveredconditionals="20" methods="27" coveredmethods="14" elements="126" coveredelements="59" complexity="0" loc="48" ncloc="48" packages="2" files="6" classes="6"/>
    <package name="components">
      <metrics statements="48" coveredstatements="25" conditionals="51" coveredconditionals="20" methods="27" coveredmethods="14"/>
      <file name="CreateScheduleButton.jsx" path="/Users/nabilahmed/large_group_project/frontend/src/components/CreateScheduleButton.jsx">
        <metrics statements="3" coveredstatements="3" conditionals="0" coveredconditionals="0" methods="2" coveredmethods="2"/>
        <line num="4" count="1" type="stmt"/>
        <line num="6" count="1" type="stmt"/>
        <line num="9" count="1" type="stmt"/>
      </file>
      <file name="successPageStyle.css" path="/Users/nabilahmed/large_group_project/frontend/src/components/successPageStyle.css">
        <metrics statements="0" coveredstatements="0" conditionals="0" coveredconditionals="0" methods="0" coveredmethods="0"/>
      </file>
      <file name="successfulTimeBlock.jsx" path="/Users/nabilahmed/large_group_project/frontend/src/components/successfulTimeBlock.jsx">
        <metrics statements="8" coveredstatements="6" conditionals="2" coveredconditionals="1" methods="5" coveredmethods="3"/>
        <line num="8" count="5" type="stmt"/>
        <line num="9" count="5" type="stmt"/>
        <line num="10" count="5" type="stmt"/>
        <line num="12" count="5" type="stmt"/>
        <line num="27" count="1" type="stmt"/>
        <line num="35" count="0" type="stmt"/>
        <line num="43" count="1" type="stmt"/>
        <line num="50" count="0" type="stmt"/>
      </file>
      <file name="timeBlockForm.jsx" path="/Users/nabilahmed/large_group_project/frontend/src/components/timeBlockForm.jsx">
        <metrics statements="37" coveredstatements="16" conditionals="49" coveredconditionals="19" methods="20" coveredmethods="9"/>
        <line num="7" count="6" type="cond" truecount="2" falsecount="0"/>
        <line num="10" count="6" type="stmt"/>
        <line num="38" count="6" type="stmt"/>
        <line num="39" count="3" type="cond" truecount="1" falsecount="1"/>
        <line num="40" count="0" type="cond" truecount="0" falsecount="2"/>
        <line num="42" count="0" type="stmt"/>
        <line num="58" count="1" type="stmt"/>
        <line num="73" count="1" type="stmt"/>
        <line num="77" count="1" type="stmt"/>
        <line num="78" count="1" type="stmt"/>
        <line num="79" count="1" type="stmt"/>
        <line num="80" count="1" type="stmt"/>
        <line num="84" count="2" type="stmt"/>
        <line num="85" count="1" type="stmt"/>
        <line num="90" count="0" type="stmt"/>
        <line num="93" count="0" type="stmt"/>
        <line num="94" count="0" type="stmt"/>
        <line num="103" count="0" type="cond" truecount="0" falsecount="2"/>
        <line num="104" count="0" type="stmt"/>
        <line num="105" count="0" type="stmt"/>
        <line num="107" count="0" type="stmt"/>
        <line num="108" count="0" type="stmt"/>
        <line num="110" count="0" type="stmt"/>
        <line num="112" count="0" type="stmt"/>
        <line num="115" count="6" type="stmt"/>
        <line num="123" count="0" type="stmt"/>
        <line num="128" count="7" type="stmt"/>
        <line num="135" count="0" type="stmt"/>
        <line num="144" count="0" type="stmt"/>
        <line num="152" count="0" type="stmt"/>
        <line num="170" count="1" type="stmt"/>
        <line num="185" count="0" type="stmt"/>
        <line num="194" count="0" type="stmt"/>
        <line num="208" count="0" type="stmt"/>
        <line num="216" count="0" type="stmt"/>
        <line num="231" count="0" type="stmt"/>
        <line num="238" count="1" type="stmt"/>
      </file>
      <file name="timeBlockFormStyle.css" path="/Users/nabilahmed/large_group_project/frontend/src/components/timeBlockFormStyle.css">
        <metrics statements="0" coveredstatements="0" conditionals="0" coveredconditionals="0" methods="0" coveredmethods="0"/>
      </file>
    </package>
    <package name="functionality.LandingPage.photos">
      <metrics statements="0" coveredstatements="0" conditionals="0" coveredconditionals="0" methods="0" coveredmethods="0"/>
      <file name="tick.png" path="/Users/nabilahmed/large_group_project/frontend/src/functionality/LandingPage/photos/tick.png">
        <metrics statements="0" coveredstatements="0" conditionals="0" coveredconditionals="0" methods="0" coveredmethods="0"/>
      </file>
    </package>
  </project>
</coverage>
