{"/Users/nabilahmed/large_group_project/frontend/src/components/CreateScheduleButton.jsx": {"path":"/Users/nabilahmed/large_group_project/frontend/src/components/CreateScheduleButton.jsx","statementMap":{"0":{"start":{"line":4,"column":10},"end":{"line":4,"column":null}},"1":{"start":{"line":6,"column":4},"end":{"line":12,"column":null}},"2":{"start":{"line":9,"column":21},"end":{"line":9,"column":null}}},"fnMap":{"0":{"name":"CreateScheduleButton","decl":{"start":{"line":3,"column":9},"end":{"line":3,"column":31}},"loc":{"start":{"line":3,"column":31},"end":{"line":14,"column":null}},"line":3},"1":{"name":"(anonymous_1)","decl":{"start":{"line":9,"column":15},"end":{"line":9,"column":21}},"loc":{"start":{"line":9,"column":21},"end":{"line":9,"column":null}},"line":9}},"branchMap":{},"s":{"0":1,"1":1,"2":1},"f":{"0":1,"1":1},"b":{},"meta":{"lastBranch":0,"lastFunction":2,"lastStatement":3,"seen":{"f:3:9:3:31":0,"s:4:10:4:Infinity":0,"s:6:4:12:Infinity":1,"f:9:15:9:21":1,"s:9:21:9:Infinity":2}}}
,"/Users/nabilahmed/large_group_project/frontend/src/components/successPageStyle.css": {"path":"/Users/nabilahmed/large_group_project/frontend/src/components/successPageStyle.css","statementMap":{},"fnMap":{},"branchMap":{},"s":{},"f":{},"b":{},"meta":{"lastBranch":0,"lastFunction":0,"lastStatement":0,"seen":{}}}
,"/Users/nabilahmed/large_group_project/frontend/src/components/successfulTimeBlock.jsx": {"path":"/Users/nabilahmed/large_group_project/frontend/src/components/successfulTimeBlock.jsx","statementMap":{"0":{"start":{"line":8,"column":10},"end":{"line":8,"column":null}},"1":{"start":{"line":10,"column":4},"end":{"line":39,"column":null}},"2":{"start":{"line":25,"column":39},"end":{"line":25,"column":null}},"3":{"start":{"line":32,"column":39},"end":{"line":32,"column":null}}},"fnMap":{"0":{"name":"SuccessfulTimeBlock","decl":{"start":{"line":7,"column":9},"end":{"line":7,"column":30}},"loc":{"start":{"line":7,"column":30},"end":{"line":42,"column":null}},"line":7},"1":{"name":"(anonymous_1)","decl":{"start":{"line":25,"column":33},"end":{"line":25,"column":39}},"loc":{"start":{"line":25,"column":39},"end":{"line":25,"column":null}},"line":25},"2":{"name":"(anonymous_2)","decl":{"start":{"line":32,"column":33},"end":{"line":32,"column":39}},"loc":{"start":{"line":32,"column":39},"end":{"line":32,"column":null}},"line":32}},"branchMap":{},"s":{"0":5,"1":5,"2":1,"3":1},"f":{"0":5,"1":1,"2":1},"b":{},"meta":{"lastBranch":0,"lastFunction":3,"lastStatement":4,"seen":{"f:7:9:7:30":0,"s:8:10:8:Infinity":0,"s:10:4:39:Infinity":1,"f:25:33:25:39":1,"s:25:39:25:Infinity":2,"f:32:33:32:39":2,"s:32:39:32:Infinity":3}}}
,"/Users/nabilahmed/large_group_project/frontend/src/components/timeBlockForm.jsx": {"path":"/Users/nabilahmed/large_group_project/frontend/src/components/timeBlockForm.jsx","statementMap":{"0":{"start":{"line":7,"column":22},"end":{"line":7,"column":null}},"1":{"start":{"line":9,"column":26},"end":{"line":22,"column":null}},"2":{"start":{"line":25,"column":4},"end":{"line":39,"column":null}},"3":{"start":{"line":40,"column":4},"end":{"line":40,"column":null}},"4":{"start":{"line":44,"column":20},"end":{"line":44,"column":null}},"5":{"start":{"line":45,"column":4},"end":{"line":45,"column":null}},"6":{"start":{"line":46,"column":4},"end":{"line":46,"column":null}},"7":{"start":{"line":47,"column":4},"end":{"line":47,"column":null}},"8":{"start":{"line":51,"column":2},"end":{"line":51,"column":null}},"9":{"start":{"line":51,"column":40},"end":{"line":51,"column":63}},"10":{"start":{"line":52,"column":2},"end":{"line":52,"column":null}},"11":{"start":{"line":57,"column":4},"end":{"line":57,"column":null}},"12":{"start":{"line":60,"column":21},"end":{"line":77,"column":null}},"13":{"start":{"line":61,"column":21},"end":{"line":68,"column":null}},"14":{"start":{"line":69,"column":8},"end":{"line":75,"column":null}},"15":{"start":{"line":70,"column":10},"end":{"line":70,"column":null}},"16":{"start":{"line":71,"column":10},"end":{"line":71,"column":null}},"17":{"start":{"line":73,"column":10},"end":{"line":73,"column":null}},"18":{"start":{"line":74,"column":10},"end":{"line":74,"column":null}},"19":{"start":{"line":76,"column":8},"end":{"line":76,"column":null}},"20":{"start":{"line":78,"column":4},"end":{"line":78,"column":null}},"21":{"start":{"line":81,"column":2},"end":{"line":223,"column":null}},"22":{"start":{"line":89,"column":25},"end":{"line":89,"column":null}},"23":{"start":{"line":94,"column":8},"end":{"line":211,"column":null}},"24":{"start":{"line":101,"column":14},"end":{"line":101,"column":null}},"25":{"start":{"line":110,"column":14},"end":{"line":110,"column":null}},"26":{"start":{"line":118,"column":14},"end":{"line":118,"column":null}},"27":{"start":{"line":136,"column":16},"end":{"line":136,"column":null}},"28":{"start":{"line":152,"column":20},"end":{"line":152,"column":null}},"29":{"start":{"line":161,"column":20},"end":{"line":161,"column":null}},"30":{"start":{"line":174,"column":20},"end":{"line":174,"column":null}},"31":{"start":{"line":182,"column":20},"end":{"line":182,"column":null}},"32":{"start":{"line":197,"column":33},"end":{"line":197,"column":null}},"33":{"start":{"line":204,"column":31},"end":{"line":204,"column":null}}},"fnMap":{"0":{"name":"TimeBlockForm","decl":{"start":{"line":5,"column":9},"end":{"line":5,"column":23}},"loc":{"start":{"line":5,"column":73},"end":{"line":225,"column":null}},"line":5},"1":{"name":"addBlock","decl":{"start":{"line":24,"column":11},"end":{"line":24,"column":22}},"loc":{"start":{"line":24,"column":22},"end":{"line":41,"column":null}},"line":24},"2":{"name":"updateBlock","decl":{"start":{"line":43,"column":11},"end":{"line":43,"column":23}},"loc":{"start":{"line":43,"column":44},"end":{"line":48,"column":null}},"line":43},"3":{"name":"deleteBlock","decl":{"start":{"line":50,"column":11},"end":{"line":50,"column":23}},"loc":{"start":{"line":50,"column":38},"end":{"line":54,"column":null}},"line":50},"4":{"name":"(anonymous_4)","decl":{"start":{"line":51,"column":26},"end":{"line":51,"column":27}},"loc":{"start":{"line":51,"column":40},"end":{"line":51,"column":63}},"line":51},"5":{"name":"handleSubmit","decl":{"start":{"line":56,"column":11},"end":{"line":56,"column":24}},"loc":{"start":{"line":56,"column":27},"end":{"line":79,"column":null}},"line":56},"6":{"name":"(anonymous_6)","decl":{"start":{"line":60,"column":32},"end":{"line":60,"column":41}},"loc":{"start":{"line":60,"column":41},"end":{"line":77,"column":5}},"line":60},"7":{"name":"(anonymous_7)","decl":{"start":{"line":89,"column":18},"end":{"line":89,"column":19}},"loc":{"start":{"line":89,"column":25},"end":{"line":89,"column":null}},"line":89},"8":{"name":"(anonymous_8)","decl":{"start":{"line":93,"column":18},"end":{"line":93,"column":19}},"loc":{"start":{"line":94,"column":8},"end":{"line":211,"column":null}},"line":94},"9":{"name":"(anonymous_9)","decl":{"start":{"line":100,"column":22},"end":{"line":100,"column":23}},"loc":{"start":{"line":101,"column":14},"end":{"line":101,"column":null}},"line":101},"10":{"name":"(anonymous_10)","decl":{"start":{"line":109,"column":22},"end":{"line":109,"column":23}},"loc":{"start":{"line":110,"column":14},"end":{"line":110,"column":null}},"line":110},"11":{"name":"(anonymous_11)","decl":{"start":{"line":117,"column":22},"end":{"line":117,"column":23}},"loc":{"start":{"line":118,"column":14},"end":{"line":118,"column":null}},"line":118},"12":{"name":"(anonymous_12)","decl":{"start":{"line":135,"column":24},"end":{"line":135,"column":25}},"loc":{"start":{"line":136,"column":16},"end":{"line":136,"column":null}},"line":136},"13":{"name":"(anonymous_13)","decl":{"start":{"line":151,"column":28},"end":{"line":151,"column":29}},"loc":{"start":{"line":152,"column":20},"end":{"line":152,"column":null}},"line":152},"14":{"name":"(anonymous_14)","decl":{"start":{"line":160,"column":28},"end":{"line":160,"column":29}},"loc":{"start":{"line":161,"column":20},"end":{"line":161,"column":null}},"line":161},"15":{"name":"(anonymous_15)","decl":{"start":{"line":173,"column":28},"end":{"line":173,"column":29}},"loc":{"start":{"line":174,"column":20},"end":{"line":174,"column":null}},"line":174},"16":{"name":"(anonymous_16)","decl":{"start":{"line":181,"column":28},"end":{"line":181,"column":29}},"loc":{"start":{"line":182,"column":20},"end":{"line":182,"column":null}},"line":182},"17":{"name":"(anonymous_17)","decl":{"start":{"line":197,"column":26},"end":{"line":197,"column":27}},"loc":{"start":{"line":197,"column":33},"end":{"line":197,"column":null}},"line":197},"18":{"name":"(anonymous_18)","decl":{"start":{"line":204,"column":25},"end":{"line":204,"column":31}},"loc":{"start":{"line":204,"column":31},"end":{"line":204,"column":null}},"line":204}},"branchMap":{"0":{"loc":{"start":{"line":69,"column":8},"end":{"line":75,"column":null}},"type":"if","locations":[{"start":{"line":69,"column":8},"end":{"line":75,"column":null}},{"start":{"line":72,"column":15},"end":{"line":75,"column":null}}],"line":69},"1":{"loc":{"start":{"line":85,"column":7},"end":{"line":85,"column":null}},"type":"binary-expr","locations":[{"start":{"line":85,"column":7},"end":{"line":85,"column":32}},{"start":{"line":85,"column":32},"end":{"line":85,"column":null}}],"line":85},"2":{"loc":{"start":{"line":96,"column":11},"end":{"line":96,"column":null}},"type":"binary-expr","locations":[{"start":{"line":96,"column":11},"end":{"line":96,"column":40}},{"start":{"line":96,"column":40},"end":{"line":96,"column":null}}],"line":96},"3":{"loc":{"start":{"line":105,"column":11},"end":{"line":105,"column":null}},"type":"binary-expr","locations":[{"start":{"line":105,"column":11},"end":{"line":105,"column":44}},{"start":{"line":105,"column":44},"end":{"line":105,"column":null}}],"line":105},"4":{"loc":{"start":{"line":143,"column":12},"end":{"line":190,"column":null}},"type":"cond-expr","locations":[{"start":{"line":144,"column":14},"end":{"line":165,"column":null}},{"start":{"line":167,"column":15},"end":{"line":190,"column":null}}],"line":143},"5":{"loc":{"start":{"line":146,"column":15},"end":{"line":146,"column":null}},"type":"binary-expr","locations":[{"start":{"line":146,"column":15},"end":{"line":146,"column":50}},{"start":{"line":146,"column":50},"end":{"line":146,"column":null}}],"line":146},"6":{"loc":{"start":{"line":147,"column":15},"end":{"line":147,"column":null}},"type":"binary-expr","locations":[{"start":{"line":147,"column":15},"end":{"line":147,"column":57}},{"start":{"line":147,"column":57},"end":{"line":147,"column":null}}],"line":147},"7":{"loc":{"start":{"line":156,"column":15},"end":{"line":156,"column":null}},"type":"binary-expr","locations":[{"start":{"line":156,"column":15},"end":{"line":156,"column":48}},{"start":{"line":156,"column":48},"end":{"line":156,"column":null}}],"line":156},"8":{"loc":{"start":{"line":178,"column":16},"end":{"line":178,"column":null}},"type":"binary-expr","locations":[{"start":{"line":178,"column":16},"end":{"line":178,"column":63}},{"start":{"line":178,"column":63},"end":{"line":178,"column":null}}],"line":178},"9":{"loc":{"start":{"line":201,"column":11},"end":{"line":208,"column":null}},"type":"binary-expr","locations":[{"start":{"line":201,"column":11},"end":{"line":201,"column":null}},{"start":{"line":202,"column":14},"end":{"line":208,"column":null}}],"line":201},"10":{"loc":{"start":{"line":219,"column":9},"end":{"line":219,"column":null}},"type":"cond-expr","locations":[{"start":{"line":219,"column":19},"end":{"line":219,"column":33}},{"start":{"line":219,"column":33},"end":{"line":219,"column":null}}],"line":219}},"s":{"0":6,"1":6,"2":1,"3":1,"4":1,"5":1,"6":1,"7":1,"8":1,"9":2,"10":1,"11":0,"12":0,"13":0,"14":0,"15":0,"16":0,"17":0,"18":0,"19":0,"20":0,"21":6,"22":0,"23":7,"24":0,"25":0,"26":0,"27":1,"28":0,"29":0,"30":0,"31":0,"32":0,"33":1},"f":{"0":6,"1":1,"2":1,"3":1,"4":2,"5":0,"6":0,"7":0,"8":7,"9":0,"10":0,"11":0,"12":1,"13":0,"14":0,"15":0,"16":0,"17":0,"18":1},"b":{"0":[0,0],"1":[6,0],"2":[7,0],"3":[7,0],"4":[1,6],"5":[1,0],"6":[1,0],"7":[1,0],"8":[6,0],"9":[7,2],"10":[0,6]},"meta":{"lastBranch":11,"lastFunction":19,"lastStatement":34,"seen":{"f:5:9:5:23":0,"s:7:22:7:Infinity":0,"s:9:26:22:Infinity":1,"f:24:11:24:22":1,"s:25:4:39:Infinity":2,"s:40:4:40:Infinity":3,"f:43:11:43:23":2,"s:44:20:44:Infinity":4,"s:45:4:45:Infinity":5,"s:46:4:46:Infinity":6,"s:47:4:47:Infinity":7,"f:50:11:50:23":3,"s:51:2:51:Infinity":8,"f:51:26:51:27":4,"s:51:40:51:63":9,"s:52:2:52:Infinity":10,"f:56:11:56:24":5,"s:57:4:57:Infinity":11,"s:60:21:77:Infinity":12,"f:60:32:60:41":6,"s:61:21:68:Infinity":13,"b:69:8:75:Infinity:72:15:75:Infinity":0,"s:69:8:75:Infinity":14,"s:70:10:70:Infinity":15,"s:71:10:71:Infinity":16,"s:73:10:73:Infinity":17,"s:74:10:74:Infinity":18,"s:76:8:76:Infinity":19,"s:78:4:78:Infinity":20,"s:81:2:223:Infinity":21,"b:85:7:85:32:85:32:85:Infinity":1,"f:89:18:89:19":7,"s:89:25:89:Infinity":22,"f:93:18:93:19":8,"s:94:8:211:Infinity":23,"b:96:11:96:40:96:40:96:Infinity":2,"f:100:22:100:23":9,"s:101:14:101:Infinity":24,"b:105:11:105:44:105:44:105:Infinity":3,"f:109:22:109:23":10,"s:110:14:110:Infinity":25,"f:117:22:117:23":11,"s:118:14:118:Infinity":26,"f:135:24:135:25":12,"s:136:16:136:Infinity":27,"b:144:14:165:Infinity:167:15:190:Infinity":4,"b:146:15:146:50:146:50:146:Infinity":5,"b:147:15:147:57:147:57:147:Infinity":6,"f:151:28:151:29":13,"s:152:20:152:Infinity":28,"b:156:15:156:48:156:48:156:Infinity":7,"f:160:28:160:29":14,"s:161:20:161:Infinity":29,"f:173:28:173:29":15,"s:174:20:174:Infinity":30,"b:178:16:178:63:178:63:178:Infinity":8,"f:181:28:181:29":16,"s:182:20:182:Infinity":31,"f:197:26:197:27":17,"s:197:33:197:Infinity":32,"b:201:11:201:Infinity:202:14:208:Infinity":9,"f:204:25:204:31":18,"s:204:31:204:Infinity":33,"b:219:19:219:33:219:33:219:Infinity":10}}}
,"/Users/nabilahmed/large_group_project/frontend/src/components/timeBlockFormStyle.css": {"path":"/Users/nabilahmed/large_group_project/frontend/src/components/timeBlockFormStyle.css","statementMap":{},"fnMap":{},"branchMap":{},"s":{},"f":{},"b":{},"meta":{"lastBranch":0,"lastFunction":0,"lastStatement":0,"seen":{}}}
,"/Users/nabilahmed/large_group_project/frontend/src/functionality/LandingPage/photos/tick.png": {"path":"/Users/nabilahmed/large_group_project/frontend/src/functionality/LandingPage/photos/tick.png","statementMap":{},"fnMap":{},"branchMap":{},"s":{},"f":{},"b":{},"meta":{"lastBranch":0,"lastFunction":0,"lastStatement":0,"seen":{}}}
}
