{"/Users/nabilahmed/large_group_project/frontend/src/components/CreateScheduleButton.jsx": {"path":"/Users/nabilahmed/large_group_project/frontend/src/components/CreateScheduleButton.jsx","statementMap":{"0":{"start":{"line":4,"column":10},"end":{"line":4,"column":null}},"1":{"start":{"line":6,"column":4},"end":{"line":12,"column":null}},"2":{"start":{"line":9,"column":21},"end":{"line":9,"column":null}}},"fnMap":{"0":{"name":"CreateScheduleButton","decl":{"start":{"line":3,"column":9},"end":{"line":3,"column":31}},"loc":{"start":{"line":3,"column":31},"end":{"line":14,"column":null}},"line":3},"1":{"name":"(anonymous_1)","decl":{"start":{"line":9,"column":15},"end":{"line":9,"column":21}},"loc":{"start":{"line":9,"column":21},"end":{"line":9,"column":null}},"line":9}},"branchMap":{},"s":{"0":1,"1":1,"2":1},"f":{"0":1,"1":1},"b":{},"meta":{"lastBranch":0,"lastFunction":2,"lastStatement":3,"seen":{"f:3:9:3:31":0,"s:4:10:4:Infinity":0,"s:6:4:12:Infinity":1,"f:9:15:9:21":1,"s:9:21:9:Infinity":2}}}
,"/Users/nabilahmed/large_group_project/frontend/src/components/successPageStyle.css": {"path":"/Users/nabilahmed/large_group_project/frontend/src/components/successPageStyle.css","statementMap":{},"fnMap":{},"branchMap":{},"s":{},"f":{},"b":{},"meta":{"lastBranch":0,"lastFunction":0,"lastStatement":0,"seen":{}}}
,"/Users/nabilahmed/large_group_project/frontend/src/components/successfulTimeBlock.jsx": {"path":"/Users/nabilahmed/large_group_project/frontend/src/components/successfulTimeBlock.jsx","statementMap":{"0":{"start":{"line":8,"column":10},"end":{"line":8,"column":null}},"1":{"start":{"line":9,"column":10},"end":{"line":9,"column":null}},"2":{"start":{"line":10,"column":20},"end":{"line":10,"column":null}},"3":{"start":{"line":12,"column":4},"end":{"line":57,"column":null}},"4":{"start":{"line":27,"column":39},"end":{"line":27,"column":null}},"5":{"start":{"line":35,"column":43},"end":{"line":35,"column":null}},"6":{"start":{"line":43,"column":39},"end":{"line":43,"column":null}},"7":{"start":{"line":50,"column":39},"end":{"line":50,"column":null}}},"fnMap":{"0":{"name":"SuccessfulTimeBlock","decl":{"start":{"line":7,"column":9},"end":{"line":7,"column":29}},"loc":{"start":{"line":7,"column":39},"end":{"line":60,"column":null}},"line":7},"1":{"name":"(anonymous_1)","decl":{"start":{"line":27,"column":33},"end":{"line":27,"column":39}},"loc":{"start":{"line":27,"column":39},"end":{"line":27,"column":null}},"line":27},"2":{"name":"(anonymous_2)","decl":{"start":{"line":35,"column":37},"end":{"line":35,"column":43}},"loc":{"start":{"line":35,"column":43},"end":{"line":35,"column":null}},"line":35},"3":{"name":"(anonymous_3)","decl":{"start":{"line":43,"column":33},"end":{"line":43,"column":39}},"loc":{"start":{"line":43,"column":39},"end":{"line":43,"column":null}},"line":43},"4":{"name":"(anonymous_4)","decl":{"start":{"line":50,"column":33},"end":{"line":50,"column":39}},"loc":{"start":{"line":50,"column":39},"end":{"line":50,"column":null}},"line":50}},"branchMap":{"0":{"loc":{"start":{"line":32,"column":25},"end":{"line":38,"column":null}},"type":"binary-expr","locations":[{"start":{"line":32,"column":25},"end":{"line":32,"column":null}},{"start":{"line":33,"column":24},"end":{"line":38,"column":null}}],"line":32}},"s":{"0":5,"1":5,"2":5,"3":5,"4":1,"5":0,"6":1,"7":0},"f":{"0":5,"1":1,"2":0,"3":1,"4":0},"b":{"0":[5,0]},"meta":{"lastBranch":1,"lastFunction":5,"lastStatement":8,"seen":{"f:7:9:7:29":0,"s:8:10:8:Infinity":0,"s:9:10:9:Infinity":1,"s:10:20:10:Infinity":2,"s:12:4:57:Infinity":3,"f:27:33:27:39":1,"s:27:39:27:Infinity":4,"b:32:25:32:Infinity:33:24:38:Infinity":0,"f:35:37:35:43":2,"s:35:43:35:Infinity":5,"f:43:33:43:39":3,"s:43:39:43:Infinity":6,"f:50:33:50:39":4,"s:50:39:50:Infinity":7}}}
,"/Users/nabilahmed/large_group_project/frontend/src/components/timeBlockForm.jsx": {"path":"/Users/nabilahmed/large_group_project/frontend/src/components/timeBlockForm.jsx","statementMap":{"0":{"start":{"line":7,"column":22},"end":{"line":7,"column":null}},"1":{"start":{"line":10,"column":26},"end":{"line":36,"column":null}},"2":{"start":{"line":38,"column":2},"end":{"line":55,"column":null}},"3":{"start":{"line":39,"column":2},"end":{"line":54,"column":null}},"4":{"start":{"line":40,"column":4},"end":{"line":40,"column":null}},"5":{"start":{"line":42,"column":4},"end":{"line":53,"column":null}},"6":{"start":{"line":58,"column":4},"end":{"line":72,"column":null}},"7":{"start":{"line":73,"column":4},"end":{"line":73,"column":null}},"8":{"start":{"line":77,"column":20},"end":{"line":77,"column":null}},"9":{"start":{"line":78,"column":4},"end":{"line":78,"column":null}},"10":{"start":{"line":79,"column":4},"end":{"line":79,"column":null}},"11":{"start":{"line":80,"column":4},"end":{"line":80,"column":null}},"12":{"start":{"line":84,"column":2},"end":{"line":84,"column":null}},"13":{"start":{"line":84,"column":40},"end":{"line":84,"column":63}},"14":{"start":{"line":85,"column":2},"end":{"line":85,"column":null}},"15":{"start":{"line":90,"column":4},"end":{"line":90,"column":null}},"16":{"start":{"line":93,"column":21},"end":{"line":111,"column":null}},"17":{"start":{"line":94,"column":21},"end":{"line":102,"column":null}},"18":{"start":{"line":103,"column":8},"end":{"line":109,"column":null}},"19":{"start":{"line":104,"column":10},"end":{"line":104,"column":null}},"20":{"start":{"line":105,"column":10},"end":{"line":105,"column":null}},"21":{"start":{"line":107,"column":10},"end":{"line":107,"column":null}},"22":{"start":{"line":108,"column":10},"end":{"line":108,"column":null}},"23":{"start":{"line":110,"column":8},"end":{"line":110,"column":null}},"24":{"start":{"line":112,"column":4},"end":{"line":112,"column":null}},"25":{"start":{"line":115,"column":2},"end":{"line":259,"column":null}},"26":{"start":{"line":123,"column":25},"end":{"line":123,"column":null}},"27":{"start":{"line":128,"column":8},"end":{"line":245,"column":null}},"28":{"start":{"line":135,"column":14},"end":{"line":135,"column":null}},"29":{"start":{"line":144,"column":14},"end":{"line":144,"column":null}},"30":{"start":{"line":152,"column":14},"end":{"line":152,"column":null}},"31":{"start":{"line":170,"column":16},"end":{"line":170,"column":null}},"32":{"start":{"line":185,"column":20},"end":{"line":185,"column":null}},"33":{"start":{"line":194,"column":20},"end":{"line":194,"column":null}},"34":{"start":{"line":208,"column":20},"end":{"line":208,"column":null}},"35":{"start":{"line":216,"column":20},"end":{"line":216,"column":null}},"36":{"start":{"line":231,"column":33},"end":{"line":231,"column":null}},"37":{"start":{"line":238,"column":31},"end":{"line":238,"column":null}}},"fnMap":{"0":{"name":"TimeBlockForm","decl":{"start":{"line":5,"column":9},"end":{"line":5,"column":23}},"loc":{"start":{"line":5,"column":91},"end":{"line":261,"column":null}},"line":5},"1":{"name":"(anonymous_1)","decl":{"start":{"line":38,"column":12},"end":{"line":38,"column":18}},"loc":{"start":{"line":38,"column":18},"end":{"line":55,"column":3}},"line":38},"2":{"name":"addBlock","decl":{"start":{"line":57,"column":11},"end":{"line":57,"column":22}},"loc":{"start":{"line":57,"column":22},"end":{"line":74,"column":null}},"line":57},"3":{"name":"updateBlock","decl":{"start":{"line":76,"column":11},"end":{"line":76,"column":23}},"loc":{"start":{"line":76,"column":44},"end":{"line":81,"column":null}},"line":76},"4":{"name":"deleteBlock","decl":{"start":{"line":83,"column":11},"end":{"line":83,"column":23}},"loc":{"start":{"line":83,"column":38},"end":{"line":87,"column":null}},"line":83},"5":{"name":"(anonymous_5)","decl":{"start":{"line":84,"column":26},"end":{"line":84,"column":27}},"loc":{"start":{"line":84,"column":40},"end":{"line":84,"column":63}},"line":84},"6":{"name":"handleSubmit","decl":{"start":{"line":89,"column":11},"end":{"line":89,"column":24}},"loc":{"start":{"line":89,"column":27},"end":{"line":113,"column":null}},"line":89},"7":{"name":"(anonymous_7)","decl":{"start":{"line":93,"column":32},"end":{"line":93,"column":41}},"loc":{"start":{"line":93,"column":41},"end":{"line":111,"column":5}},"line":93},"8":{"name":"(anonymous_8)","decl":{"start":{"line":123,"column":18},"end":{"line":123,"column":19}},"loc":{"start":{"line":123,"column":25},"end":{"line":123,"column":null}},"line":123},"9":{"name":"(anonymous_9)","decl":{"start":{"line":127,"column":18},"end":{"line":127,"column":19}},"loc":{"start":{"line":128,"column":8},"end":{"line":245,"column":null}},"line":128},"10":{"name":"(anonymous_10)","decl":{"start":{"line":134,"column":22},"end":{"line":134,"column":23}},"loc":{"start":{"line":135,"column":14},"end":{"line":135,"column":null}},"line":135},"11":{"name":"(anonymous_11)","decl":{"start":{"line":143,"column":22},"end":{"line":143,"column":23}},"loc":{"start":{"line":144,"column":14},"end":{"line":144,"column":null}},"line":144},"12":{"name":"(anonymous_12)","decl":{"start":{"line":151,"column":22},"end":{"line":151,"column":23}},"loc":{"start":{"line":152,"column":14},"end":{"line":152,"column":null}},"line":152},"13":{"name":"(anonymous_13)","decl":{"start":{"line":169,"column":24},"end":{"line":169,"column":25}},"loc":{"start":{"line":170,"column":16},"end":{"line":170,"column":null}},"line":170},"14":{"name":"(anonymous_14)","decl":{"start":{"line":184,"column":28},"end":{"line":184,"column":29}},"loc":{"start":{"line":185,"column":20},"end":{"line":185,"column":null}},"line":185},"15":{"name":"(anonymous_15)","decl":{"start":{"line":193,"column":28},"end":{"line":193,"column":29}},"loc":{"start":{"line":194,"column":20},"end":{"line":194,"column":null}},"line":194},"16":{"name":"(anonymous_16)","decl":{"start":{"line":207,"column":28},"end":{"line":207,"column":29}},"loc":{"start":{"line":208,"column":20},"end":{"line":208,"column":null}},"line":208},"17":{"name":"(anonymous_17)","decl":{"start":{"line":215,"column":28},"end":{"line":215,"column":29}},"loc":{"start":{"line":216,"column":20},"end":{"line":216,"column":null}},"line":216},"18":{"name":"(anonymous_18)","decl":{"start":{"line":231,"column":26},"end":{"line":231,"column":27}},"loc":{"start":{"line":231,"column":33},"end":{"line":231,"column":null}},"line":231},"19":{"name":"(anonymous_19)","decl":{"start":{"line":238,"column":25},"end":{"line":238,"column":31}},"loc":{"start":{"line":238,"column":31},"end":{"line":238,"column":null}},"line":238}},"branchMap":{"0":{"loc":{"start":{"line":5,"column":71},"end":{"line":5,"column":88}},"type":"default-arg","locations":[{"start":{"line":5,"column":83},"end":{"line":5,"column":88}}],"line":5},"1":{"loc":{"start":{"line":7,"column":35},"end":{"line":7,"column":58}},"type":"binary-expr","locations":[{"start":{"line":7,"column":35},"end":{"line":7,"column":56}},{"start":{"line":7,"column":56},"end":{"line":7,"column":58}}],"line":7},"2":{"loc":{"start":{"line":11,"column":4},"end":{"line":35,"column":null}},"type":"cond-expr","locations":[{"start":{"line":12,"column":10},"end":{"line":23,"column":null}},{"start":{"line":24,"column":10},"end":{"line":35,"column":null}}],"line":11},"3":{"loc":{"start":{"line":19,"column":22},"end":{"line":19,"column":null}},"type":"binary-expr","locations":[{"start":{"line":19,"column":22},"end":{"line":19,"column":46}},{"start":{"line":19,"column":46},"end":{"line":19,"column":null}}],"line":19},"4":{"loc":{"start":{"line":20,"column":25},"end":{"line":20,"column":null}},"type":"binary-expr","locations":[{"start":{"line":20,"column":25},"end":{"line":20,"column":52}},{"start":{"line":20,"column":52},"end":{"line":20,"column":null}}],"line":20},"5":{"loc":{"start":{"line":21,"column":24},"end":{"line":21,"column":null}},"type":"binary-expr","locations":[{"start":{"line":21,"column":24},"end":{"line":21,"column":50}},{"start":{"line":21,"column":50},"end":{"line":21,"column":null}}],"line":21},"6":{"loc":{"start":{"line":22,"column":22},"end":{"line":22,"column":null}},"type":"binary-expr","locations":[{"start":{"line":22,"column":22},"end":{"line":22,"column":46}},{"start":{"line":22,"column":46},"end":{"line":22,"column":null}}],"line":22},"7":{"loc":{"start":{"line":39,"column":2},"end":{"line":54,"column":null}},"type":"if","locations":[{"start":{"line":39,"column":2},"end":{"line":54,"column":null}},{"start":{},"end":{}}],"line":39},"8":{"loc":{"start":{"line":40,"column":12},"end":{"line":40,"column":34}},"type":"binary-expr","locations":[{"start":{"line":40,"column":12},"end":{"line":40,"column":32}},{"start":{"line":40,"column":32},"end":{"line":40,"column":34}}],"line":40},"9":{"loc":{"start":{"line":49,"column":16},"end":{"line":49,"column":null}},"type":"binary-expr","locations":[{"start":{"line":49,"column":16},"end":{"line":49,"column":40}},{"start":{"line":49,"column":40},"end":{"line":49,"column":null}}],"line":49},"10":{"loc":{"start":{"line":50,"column":19},"end":{"line":50,"column":null}},"type":"binary-expr","locations":[{"start":{"line":50,"column":19},"end":{"line":50,"column":46}},{"start":{"line":50,"column":46},"end":{"line":50,"column":null}}],"line":50},"11":{"loc":{"start":{"line":51,"column":18},"end":{"line":51,"column":null}},"type":"binary-expr","locations":[{"start":{"line":51,"column":18},"end":{"line":51,"column":44}},{"start":{"line":51,"column":44},"end":{"line":51,"column":null}}],"line":51},"12":{"loc":{"start":{"line":52,"column":16},"end":{"line":52,"column":null}},"type":"binary-expr","locations":[{"start":{"line":52,"column":16},"end":{"line":52,"column":40}},{"start":{"line":52,"column":40},"end":{"line":52,"column":null}}],"line":52},"13":{"loc":{"start":{"line":103,"column":8},"end":{"line":109,"column":null}},"type":"if","locations":[{"start":{"line":103,"column":8},"end":{"line":109,"column":null}},{"start":{"line":106,"column":15},"end":{"line":109,"column":null}}],"line":103},"14":{"loc":{"start":{"line":119,"column":7},"end":{"line":119,"column":null}},"type":"binary-expr","locations":[{"start":{"line":119,"column":7},"end":{"line":119,"column":34}},{"start":{"line":119,"column":34},"end":{"line":119,"column":null}}],"line":119},"15":{"loc":{"start":{"line":130,"column":11},"end":{"line":130,"column":null}},"type":"binary-expr","locations":[{"start":{"line":130,"column":11},"end":{"line":130,"column":40}},{"start":{"line":130,"column":40},"end":{"line":130,"column":null}}],"line":130},"16":{"loc":{"start":{"line":139,"column":11},"end":{"line":139,"column":null}},"type":"binary-expr","locations":[{"start":{"line":139,"column":11},"end":{"line":139,"column":44}},{"start":{"line":139,"column":44},"end":{"line":139,"column":null}}],"line":139},"17":{"loc":{"start":{"line":177,"column":12},"end":{"line":224,"column":null}},"type":"cond-expr","locations":[{"start":{"line":178,"column":14},"end":{"line":198,"column":null}},{"start":{"line":200,"column":15},"end":{"line":224,"column":null}}],"line":177},"18":{"loc":{"start":{"line":180,"column":15},"end":{"line":180,"column":null}},"type":"binary-expr","locations":[{"start":{"line":180,"column":15},"end":{"line":180,"column":50}},{"start":{"line":180,"column":50},"end":{"line":180,"column":null}}],"line":180},"19":{"loc":{"start":{"line":189,"column":15},"end":{"line":189,"column":null}},"type":"binary-expr","locations":[{"start":{"line":189,"column":15},"end":{"line":189,"column":48}},{"start":{"line":189,"column":48},"end":{"line":189,"column":null}}],"line":189},"20":{"loc":{"start":{"line":202,"column":16},"end":{"line":202,"column":null}},"type":"binary-expr","locations":[{"start":{"line":202,"column":16},"end":{"line":202,"column":49}},{"start":{"line":202,"column":49},"end":{"line":202,"column":null}}],"line":202},"21":{"loc":{"start":{"line":212,"column":16},"end":{"line":212,"column":null}},"type":"binary-expr","locations":[{"start":{"line":212,"column":16},"end":{"line":212,"column":63}},{"start":{"line":212,"column":63},"end":{"line":212,"column":null}}],"line":212},"22":{"loc":{"start":{"line":235,"column":11},"end":{"line":242,"column":null}},"type":"binary-expr","locations":[{"start":{"line":235,"column":11},"end":{"line":235,"column":null}},{"start":{"line":236,"column":14},"end":{"line":242,"column":null}}],"line":235},"23":{"loc":{"start":{"line":248,"column":5},"end":{"line":251,"column":null}},"type":"binary-expr","locations":[{"start":{"line":248,"column":5},"end":{"line":248,"column":null}},{"start":{"line":249,"column":6},"end":{"line":251,"column":null}}],"line":248},"24":{"loc":{"start":{"line":255,"column":9},"end":{"line":255,"column":null}},"type":"cond-expr","locations":[{"start":{"line":255,"column":19},"end":{"line":255,"column":33}},{"start":{"line":255,"column":33},"end":{"line":255,"column":null}}],"line":255}},"s":{"0":6,"1":6,"2":6,"3":3,"4":0,"5":0,"6":1,"7":1,"8":1,"9":1,"10":1,"11":1,"12":1,"13":2,"14":1,"15":0,"16":0,"17":0,"18":0,"19":0,"20":0,"21":0,"22":0,"23":0,"24":0,"25":6,"26":0,"27":7,"28":0,"29":0,"30":0,"31":1,"32":0,"33":0,"34":0,"35":0,"36":0,"37":1},"f":{"0":6,"1":3,"2":1,"3":1,"4":1,"5":2,"6":0,"7":0,"8":0,"9":7,"10":0,"11":0,"12":0,"13":1,"14":0,"15":0,"16":0,"17":0,"18":0,"19":1},"b":{"0":[6],"1":[6,6],"2":[0,6],"3":[0,0],"4":[0,0],"5":[0,0],"6":[0,0],"7":[0,3],"8":[0,0],"9":[0,0],"10":[0,0],"11":[0,0],"12":[0,0],"13":[0,0],"14":[6,0],"15":[7,0],"16":[7,0],"17":[1,6],"18":[1,0],"19":[1,0],"20":[6,0],"21":[6,0],"22":[7,2],"23":[6,6],"24":[0,6]},"meta":{"lastBranch":25,"lastFunction":20,"lastStatement":38,"seen":{"f:5:9:5:23":0,"b:5:83:5:88":0,"s:7:22:7:Infinity":0,"b:7:35:7:56:7:56:7:58":1,"s:10:26:36:Infinity":1,"b:12:10:23:Infinity:24:10:35:Infinity":2,"b:19:22:19:46:19:46:19:Infinity":3,"b:20:25:20:52:20:52:20:Infinity":4,"b:21:24:21:50:21:50:21:Infinity":5,"b:22:22:22:46:22:46:22:Infinity":6,"s:38:2:55:Infinity":2,"f:38:12:38:18":1,"b:39:2:54:Infinity:undefined:undefined:undefined:undefined":7,"s:39:2:54:Infinity":3,"s:40:4:40:Infinity":4,"b:40:12:40:32:40:32:40:34":8,"s:42:4:53:Infinity":5,"b:49:16:49:40:49:40:49:Infinity":9,"b:50:19:50:46:50:46:50:Infinity":10,"b:51:18:51:44:51:44:51:Infinity":11,"b:52:16:52:40:52:40:52:Infinity":12,"f:57:11:57:22":2,"s:58:4:72:Infinity":6,"s:73:4:73:Infinity":7,"f:76:11:76:23":3,"s:77:20:77:Infinity":8,"s:78:4:78:Infinity":9,"s:79:4:79:Infinity":10,"s:80:4:80:Infinity":11,"f:83:11:83:23":4,"s:84:2:84:Infinity":12,"f:84:26:84:27":5,"s:84:40:84:63":13,"s:85:2:85:Infinity":14,"f:89:11:89:24":6,"s:90:4:90:Infinity":15,"s:93:21:111:Infinity":16,"f:93:32:93:41":7,"s:94:21:102:Infinity":17,"b:103:8:109:Infinity:106:15:109:Infinity":13,"s:103:8:109:Infinity":18,"s:104:10:104:Infinity":19,"s:105:10:105:Infinity":20,"s:107:10:107:Infinity":21,"s:108:10:108:Infinity":22,"s:110:8:110:Infinity":23,"s:112:4:112:Infinity":24,"s:115:2:259:Infinity":25,"b:119:7:119:34:119:34:119:Infinity":14,"f:123:18:123:19":8,"s:123:25:123:Infinity":26,"f:127:18:127:19":9,"s:128:8:245:Infinity":27,"b:130:11:130:40:130:40:130:Infinity":15,"f:134:22:134:23":10,"s:135:14:135:Infinity":28,"b:139:11:139:44:139:44:139:Infinity":16,"f:143:22:143:23":11,"s:144:14:144:Infinity":29,"f:151:22:151:23":12,"s:152:14:152:Infinity":30,"f:169:24:169:25":13,"s:170:16:170:Infinity":31,"b:178:14:198:Infinity:200:15:224:Infinity":17,"b:180:15:180:50:180:50:180:Infinity":18,"f:184:28:184:29":14,"s:185:20:185:Infinity":32,"b:189:15:189:48:189:48:189:Infinity":19,"f:193:28:193:29":15,"s:194:20:194:Infinity":33,"b:202:16:202:49:202:49:202:Infinity":20,"f:207:28:207:29":16,"s:208:20:208:Infinity":34,"b:212:16:212:63:212:63:212:Infinity":21,"f:215:28:215:29":17,"s:216:20:216:Infinity":35,"f:231:26:231:27":18,"s:231:33:231:Infinity":36,"b:235:11:235:Infinity:236:14:242:Infinity":22,"f:238:25:238:31":19,"s:238:31:238:Infinity":37,"b:248:5:248:Infinity:249:6:251:Infinity":23,"b:255:19:255:33:255:33:255:Infinity":24}}}
,"/Users/nabilahmed/large_group_project/frontend/src/components/timeBlockFormStyle.css": {"path":"/Users/nabilahmed/large_group_project/frontend/src/components/timeBlockFormStyle.css","statementMap":{},"fnMap":{},"branchMap":{},"s":{},"f":{},"b":{},"meta":{"lastBranch":0,"lastFunction":0,"lastStatement":0,"seen":{}}}
,"/Users/nabilahmed/large_group_project/frontend/src/functionality/LandingPage/photos/tick.png": {"path":"/Users/nabilahmed/large_group_project/frontend/src/functionality/LandingPage/photos/tick.png","statementMap":{},"fnMap":{},"branchMap":{},"s":{},"f":{},"b":{},"meta":{"lastBranch":0,"lastFunction":0,"lastStatement":0,"seen":{}}}
}
